\BOOKMARK [1][-]{section.1}{Einf\374hrung}{}% 1
\BOOKMARK [2][-]{subsection.1.1}{Problem}{section.1}% 2
\BOOKMARK [2][-]{subsection.1.2}{Idee}{section.1}% 3
\BOOKMARK [1][-]{section.2}{Ziele}{}% 4
\BOOKMARK [2][-]{subsection.2.1}{Strategische Ziele}{section.2}% 5
\BOOKMARK [2][-]{subsection.2.2}{Taktische Ziele}{section.2}% 6
\BOOKMARK [2][-]{subsection.2.3}{Operative Ziele}{section.2}% 7
\BOOKMARK [2][-]{subsection.2.4}{Geplante Funktionalit\344ten}{section.2}% 8
\BOOKMARK [1][-]{section.3}{Mensch-Computer-Interaktion}{}% 9
\BOOKMARK [2][-]{subsection.3.1}{Abw\344gung Nutzerzentrierte/Nutzungszentrierte Gestaltung}{section.3}% 10
\BOOKMARK [2][-]{subsection.3.2}{Auswahl der MCI-Methoden}{section.3}% 11
\BOOKMARK [3][-]{subsubsection.3.2.1}{Nutzungskontextanalyse}{subsection.3.2}% 12
\BOOKMARK [3][-]{subsubsection.3.2.2}{Benutzermodellierung}{subsection.3.2}% 13
\BOOKMARK [3][-]{subsubsection.3.2.3}{Schnittstellendesign}{subsection.3.2}% 14
\BOOKMARK [3][-]{subsubsection.3.2.4}{Evaluation}{subsection.3.2}% 15
\BOOKMARK [1][-]{section.4}{Kommunikationsablauf}{}% 16
\BOOKMARK [1][-]{section.5}{Systemarchitektur}{}% 17
\BOOKMARK [1][-]{section.6}{Datenmodell}{}% 18
\BOOKMARK [2][-]{subsection.6.1}{Datenrepr\344sentation}{section.6}% 19
\BOOKMARK [1][-]{section.7}{Abw\344gungen von Technologien}{}% 20
\BOOKMARK [1][-]{section.8}{Proof of Concepts}{}% 21
\BOOKMARK [1][-]{section.9}{Marktrecherche und Alleinstellungsmerkmal}{}% 22
\BOOKMARK [2][-]{subsection.9.1}{kollaborative Kompositionsplattformen}{section.9}% 23
\BOOKMARK [2][-]{subsection.9.2}{Notationseditoren}{section.9}% 24
\BOOKMARK [1][-]{section.10}{Alleinstellungsmerkmal}{}% 25
\BOOKMARK [1][-]{section.11}{Gesch\344ftsmodell}{}% 26
\BOOKMARK [2][-]{subsection.11.1}{m\366gliche Gesch\344ftsmodelle}{section.11}% 27
\BOOKMARK [2][-]{subsection.11.2}{Gesch\344ftsmodell f\374r CoMusic}{section.11}% 28
\BOOKMARK [1][-]{section.12}{Risiken}{}% 29
\BOOKMARK [1][-]{section.13}{Projektplan}{}% 30
